18-Feb-2020 08:56:09.630 INFO [main] org.apache.catalina.core.ApplicationContext.log ContextListener: contextInitialized()
18-Feb-2020 08:56:09.630 INFO [main] org.apache.catalina.core.ApplicationContext.log SessionListener: contextInitialized()
18-Feb-2020 08:56:09.631 INFO [main] org.apache.catalina.core.ApplicationContext.log ContextListener: attributeAdded('StockTicker', 'async.Stockticker@49438269')
18-Feb-2020 09:00:46.242 INFO [http-nio-8080-exec-3] org.apache.catalina.core.ApplicationContext.log Marking servlet [list] as unavailable
18-Feb-2020 09:00:46.242 SEVERE [http-nio-8080-exec-3] org.apache.catalina.core.StandardWrapperValve.invoke Allocate exception for servlet [list]
 java.lang.UnsupportedClassVersionError: mypackage/CarRentalList has been compiled by a more recent version of the Java Runtime (class file version 56.0), this version of the Java Runtime only recognizes class file versions up to 52.0 (unable to load class [mypackage.CarRentalList])
	at org.apache.catalina.loader.WebappClassLoaderBase.findClassInternal(WebappClassLoaderBase.java:2268)
	at org.apache.catalina.loader.WebappClassLoaderBase.findClass(WebappClassLoaderBase.java:799)
	at org.apache.catalina.loader.WebappClassLoaderBase.loadClass(WebappClassLoaderBase.java:1244)
	at org.apache.catalina.loader.WebappClassLoaderBase.loadClass(WebappClassLoaderBase.java:1104)
	at org.apache.catalina.core.DefaultInstanceManager.loadClass(DefaultInstanceManager.java:540)
	at org.apache.catalina.core.DefaultInstanceManager.loadClassMaybePrivileged(DefaultInstanceManager.java:521)
	at org.apache.catalina.core.DefaultInstanceManager.newInstance(DefaultInstanceManager.java:150)
	at org.apache.catalina.core.StandardWrapper.loadServlet(StandardWrapper.java:1032)
	at org.apache.catalina.core.StandardWrapper.allocate(StandardWrapper.java:761)
	at org.apache.catalina.core.StandardWrapperValve.invoke(StandardWrapperValve.java:133)
	at org.apache.catalina.core.StandardContextValve.invoke(StandardContextValve.java:96)
	at org.apache.catalina.core.StandardHostValve.invoke(StandardHostValve.java:137)
	at org.apache.catalina.valves.ErrorReportValve.invoke(ErrorReportValve.java:81)
	at org.apache.catalina.valves.AbstractAccessLogValve.invoke(AbstractAccessLogValve.java:651)
	at org.apache.catalina.core.StandardEngineValve.invoke(StandardEngineValve.java:87)
	at org.apache.catalina.connector.CoyoteAdapter.service(CoyoteAdapter.java:342)
	at org.apache.coyote.http11.Http11Processor.service(Http11Processor.java:409)
	at org.apache.coyote.AbstractProcessorLight.process(AbstractProcessorLight.java:66)
	at org.apache.coyote.AbstractProtocol$ConnectionHandler.process(AbstractProtocol.java:754)
	at org.apache.tomcat.util.net.NioEndpoint$SocketProcessor.doRun(NioEndpoint.java:1376)
	at org.apache.tomcat.util.net.SocketProcessorBase.run(SocketProcessorBase.java:49)
	at java.util.concurrent.ThreadPoolExecutor.runWorker(ThreadPoolExecutor.java:1149)
	at java.util.concurrent.ThreadPoolExecutor$Worker.run(ThreadPoolExecutor.java:624)
	at org.apache.tomcat.util.threads.TaskThread$WrappingRunnable.run(TaskThread.java:61)
	at java.lang.Thread.run(Thread.java:748)

18-Feb-2020 09:00:58.093 INFO [http-nio-8080-exec-2] org.apache.catalina.core.ApplicationContext.log Marking servlet [new] as unavailable
18-Feb-2020 09:00:58.093 SEVERE [http-nio-8080-exec-2] org.apache.catalina.core.StandardWrapperValve.invoke Allocate exception for servlet [new]
 java.lang.UnsupportedClassVersionError: mypackage/CarRentalNew has been compiled by a more recent version of the Java Runtime (class file version 56.0), this version of the Java Runtime only recognizes class file versions up to 52.0 (unable to load class [mypackage.CarRentalNew])
	at org.apache.catalina.loader.WebappClassLoaderBase.findClassInternal(WebappClassLoaderBase.java:2268)
	at org.apache.catalina.loader.WebappClassLoaderBase.findClass(WebappClassLoaderBase.java:799)
	at org.apache.catalina.loader.WebappClassLoaderBase.loadClass(WebappClassLoaderBase.java:1244)
	at org.apache.catalina.loader.WebappClassLoaderBase.loadClass(WebappClassLoaderBase.java:1104)
	at org.apache.catalina.core.DefaultInstanceManager.loadClass(DefaultInstanceManager.java:540)
	at org.apache.catalina.core.DefaultInstanceManager.loadClassMaybePrivileged(DefaultInstanceManager.java:521)
	at org.apache.catalina.core.DefaultInstanceManager.newInstance(DefaultInstanceManager.java:150)
	at org.apache.catalina.core.StandardWrapper.loadServlet(StandardWrapper.java:1032)
	at org.apache.catalina.core.StandardWrapper.allocate(StandardWrapper.java:761)
	at org.apache.catalina.core.StandardWrapperValve.invoke(StandardWrapperValve.java:133)
	at org.apache.catalina.core.StandardContextValve.invoke(StandardContextValve.java:96)
	at org.apache.catalina.core.StandardHostValve.invoke(StandardHostValve.java:137)
	at org.apache.catalina.valves.ErrorReportValve.invoke(ErrorReportValve.java:81)
	at org.apache.catalina.valves.AbstractAccessLogValve.invoke(AbstractAccessLogValve.java:651)
	at org.apache.catalina.core.StandardEngineValve.invoke(StandardEngineValve.java:87)
	at org.apache.catalina.connector.CoyoteAdapter.service(CoyoteAdapter.java:342)
	at org.apache.coyote.http11.Http11Processor.service(Http11Processor.java:409)
	at org.apache.coyote.AbstractProcessorLight.process(AbstractProcessorLight.java:66)
	at org.apache.coyote.AbstractProtocol$ConnectionHandler.process(AbstractProtocol.java:754)
	at org.apache.tomcat.util.net.NioEndpoint$SocketProcessor.doRun(NioEndpoint.java:1376)
	at org.apache.tomcat.util.net.SocketProcessorBase.run(SocketProcessorBase.java:49)
	at java.util.concurrent.ThreadPoolExecutor.runWorker(ThreadPoolExecutor.java:1149)
	at java.util.concurrent.ThreadPoolExecutor$Worker.run(ThreadPoolExecutor.java:624)
	at org.apache.tomcat.util.threads.TaskThread$WrappingRunnable.run(TaskThread.java:61)
	at java.lang.Thread.run(Thread.java:748)

18-Feb-2020 09:13:19.402 INFO [main] org.apache.catalina.core.ApplicationContext.log SessionListener: contextDestroyed()
18-Feb-2020 09:13:19.402 INFO [main] org.apache.catalina.core.ApplicationContext.log ContextListener: contextDestroyed()
18-Feb-2020 09:13:25.988 INFO [main] org.apache.catalina.core.ApplicationContext.log ContextListener: contextInitialized()
18-Feb-2020 09:13:25.989 INFO [main] org.apache.catalina.core.ApplicationContext.log SessionListener: contextInitialized()
18-Feb-2020 09:13:25.989 INFO [main] org.apache.catalina.core.ApplicationContext.log ContextListener: attributeAdded('StockTicker', 'async.Stockticker@3232a28a')
18-Feb-2020 09:42:13.338 INFO [main] org.apache.catalina.core.ApplicationContext.log SessionListener: contextDestroyed()
18-Feb-2020 09:42:13.338 INFO [main] org.apache.catalina.core.ApplicationContext.log ContextListener: contextDestroyed()
18-Feb-2020 18:06:18.372 INFO [main] org.apache.catalina.core.ApplicationContext.log ContextListener: contextInitialized()
18-Feb-2020 18:06:18.372 INFO [main] org.apache.catalina.core.ApplicationContext.log SessionListener: contextInitialized()
18-Feb-2020 18:06:18.373 INFO [main] org.apache.catalina.core.ApplicationContext.log ContextListener: attributeAdded('StockTicker', 'async.Stockticker@366647c2')
18-Feb-2020 19:13:10.639 SEVERE [http-nio-8080-exec-26] org.apache.catalina.core.StandardWrapperValve.invoke Servlet.service() for servlet [list] in context with path [/my_webapp] threw exception
 java.lang.ClassCastException: org.json.simple.JSONArray cannot be cast to org.json.simple.JSONObject
	at mypackage.CarRentalList.doGet(CarRentalList.java:32)
	at mypackage.CarRentalList.doPost(CarRentalList.java:89)
	at javax.servlet.http.HttpServlet.service(HttpServlet.java:660)
	at javax.servlet.http.HttpServlet.service(HttpServlet.java:741)
	at org.apache.catalina.core.ApplicationFilterChain.internalDoFilter(ApplicationFilterChain.java:231)
	at org.apache.catalina.core.ApplicationFilterChain.doFilter(ApplicationFilterChain.java:166)
	at org.apache.tomcat.websocket.server.WsFilter.doFilter(WsFilter.java:53)
	at org.apache.catalina.core.ApplicationFilterChain.internalDoFilter(ApplicationFilterChain.java:193)
	at org.apache.catalina.core.ApplicationFilterChain.doFilter(ApplicationFilterChain.java:166)
	at org.apache.catalina.core.StandardWrapperValve.invoke(StandardWrapperValve.java:199)
	at org.apache.catalina.core.StandardContextValve.invoke(StandardContextValve.java:96)
	at org.apache.catalina.core.StandardHostValve.invoke(StandardHostValve.java:137)
	at org.apache.catalina.valves.ErrorReportValve.invoke(ErrorReportValve.java:81)
	at org.apache.catalina.valves.AbstractAccessLogValve.invoke(AbstractAccessLogValve.java:651)
	at org.apache.catalina.core.StandardEngineValve.invoke(StandardEngineValve.java:87)
	at org.apache.catalina.connector.CoyoteAdapter.service(CoyoteAdapter.java:342)
	at org.apache.coyote.http11.Http11Processor.service(Http11Processor.java:409)
	at org.apache.coyote.AbstractProcessorLight.process(AbstractProcessorLight.java:66)
	at org.apache.coyote.AbstractProtocol$ConnectionHandler.process(AbstractProtocol.java:754)
	at org.apache.tomcat.util.net.NioEndpoint$SocketProcessor.doRun(NioEndpoint.java:1376)
	at org.apache.tomcat.util.net.SocketProcessorBase.run(SocketProcessorBase.java:49)
	at java.util.concurrent.ThreadPoolExecutor.runWorker(ThreadPoolExecutor.java:1149)
	at java.util.concurrent.ThreadPoolExecutor$Worker.run(ThreadPoolExecutor.java:624)
	at org.apache.tomcat.util.threads.TaskThread$WrappingRunnable.run(TaskThread.java:61)
	at java.lang.Thread.run(Thread.java:748)

